Analysis & Synthesis report for lab_6
Fri Oct 11 11:21:27 2019
Quartus Prime Version 18.0.0 Build 614 04/24/2018 SJ Lite Edition


---------------------
; Table of Contents ;
---------------------
  1. Legal Notice
  2. Analysis & Synthesis Summary
  3. Analysis & Synthesis Settings
  4. Parallel Compilation
  5. Analysis & Synthesis Source Files Read
  6. Analysis & Synthesis Resource Usage Summary
  7. Analysis & Synthesis Resource Utilization by Entity
  8. State Machine - |lab6_toplevel|slc3:my_slc|ISDU:state_controller|State
  9. Registers Removed During Synthesis
 10. General Register Statistics
 11. Multiplexer Restructuring Statistics (Restructuring Performed)
 12. Parameter Settings for User Entity Instance: slc3:my_slc|tristate:tr0
 13. Parameter Settings for User Entity Instance: test_memory:my_test_memory
 14. Parameter Settings for User Entity Instance: test_memory:my_test_memory|memory_parser:parser
 15. Port Connectivity Checks: "slc3:my_slc|Mem2IO:memory_subsystem"
 16. Post-Synthesis Netlist Statistics for Top Partition
 17. Elapsed Time Per Partition
 18. Analysis & Synthesis Messages



----------------
; Legal Notice ;
----------------
Copyright (C) 2018  Intel Corporation. All rights reserved.
Your use of Intel Corporation's design tools, logic functions 
and other software and tools, and its AMPP partner logic 
functions, and any output files from any of the foregoing 
(including device programming or simulation files), and any 
associated documentation or information are expressly subject 
to the terms and conditions of the Intel Program License 
Subscription Agreement, the Intel Quartus Prime License Agreement,
the Intel FPGA IP License Agreement, or other applicable license
agreement, including, without limitation, that your use is for
the sole purpose of programming logic devices manufactured by
Intel and sold by Intel or its authorized distributors.  Please
refer to the applicable agreement for further details.



+----------------------------------------------------------------------------------+
; Analysis & Synthesis Summary                                                     ;
+------------------------------------+---------------------------------------------+
; Analysis & Synthesis Status        ; Successful - Fri Oct 11 11:21:27 2019       ;
; Quartus Prime Version              ; 18.0.0 Build 614 04/24/2018 SJ Lite Edition ;
; Revision Name                      ; lab_6                                       ;
; Top-level Entity Name              ; lab6_toplevel                               ;
; Family                             ; Cyclone IV E                                ;
; Total logic elements               ; 829                                         ;
;     Total combinational functions  ; 685                                         ;
;     Dedicated logic registers      ; 275                                         ;
; Total registers                    ; 275                                         ;
; Total pins                         ; 219                                         ;
; Total virtual pins                 ; 0                                           ;
; Total memory bits                  ; 0                                           ;
; Embedded Multiplier 9-bit elements ; 0                                           ;
; Total PLLs                         ; 0                                           ;
+------------------------------------+---------------------------------------------+


+------------------------------------------------------------------------------------------------------------+
; Analysis & Synthesis Settings                                                                              ;
+------------------------------------------------------------------+--------------------+--------------------+
; Option                                                           ; Setting            ; Default Value      ;
+------------------------------------------------------------------+--------------------+--------------------+
; Device                                                           ; EP4CE115F29C7      ;                    ;
; Top-level entity name                                            ; lab6_toplevel      ; lab_6              ;
; Family name                                                      ; Cyclone IV E       ; Cyclone V          ;
; Use smart compilation                                            ; Off                ; Off                ;
; Enable parallel Assembler and Timing Analyzer during compilation ; On                 ; On                 ;
; Enable compact report table                                      ; Off                ; Off                ;
; Restructure Multiplexers                                         ; Auto               ; Auto               ;
; Create Debugging Nodes for IP Cores                              ; Off                ; Off                ;
; Preserve fewer node names                                        ; On                 ; On                 ;
; Intel FPGA IP Evaluation Mode                                    ; Enable             ; Enable             ;
; Verilog Version                                                  ; Verilog_2001       ; Verilog_2001       ;
; VHDL Version                                                     ; VHDL_1993          ; VHDL_1993          ;
; State Machine Processing                                         ; Auto               ; Auto               ;
; Safe State Machine                                               ; Off                ; Off                ;
; Extract Verilog State Machines                                   ; On                 ; On                 ;
; Extract VHDL State Machines                                      ; On                 ; On                 ;
; Ignore Verilog initial constructs                                ; Off                ; Off                ;
; Iteration limit for constant Verilog loops                       ; 5000               ; 5000               ;
; Iteration limit for non-constant Verilog loops                   ; 250                ; 250                ;
; Add Pass-Through Logic to Inferred RAMs                          ; On                 ; On                 ;
; Infer RAMs from Raw Logic                                        ; On                 ; On                 ;
; Parallel Synthesis                                               ; On                 ; On                 ;
; DSP Block Balancing                                              ; Auto               ; Auto               ;
; NOT Gate Push-Back                                               ; On                 ; On                 ;
; Power-Up Don't Care                                              ; On                 ; On                 ;
; Remove Redundant Logic Cells                                     ; Off                ; Off                ;
; Remove Duplicate Registers                                       ; On                 ; On                 ;
; Ignore CARRY Buffers                                             ; Off                ; Off                ;
; Ignore CASCADE Buffers                                           ; Off                ; Off                ;
; Ignore GLOBAL Buffers                                            ; Off                ; Off                ;
; Ignore ROW GLOBAL Buffers                                        ; Off                ; Off                ;
; Ignore LCELL Buffers                                             ; Off                ; Off                ;
; Ignore SOFT Buffers                                              ; On                 ; On                 ;
; Limit AHDL Integers to 32 Bits                                   ; Off                ; Off                ;
; Optimization Technique                                           ; Balanced           ; Balanced           ;
; Carry Chain Length                                               ; 70                 ; 70                 ;
; Auto Carry Chains                                                ; On                 ; On                 ;
; Auto Open-Drain Pins                                             ; On                 ; On                 ;
; Perform WYSIWYG Primitive Resynthesis                            ; Off                ; Off                ;
; Auto ROM Replacement                                             ; On                 ; On                 ;
; Auto RAM Replacement                                             ; On                 ; On                 ;
; Auto DSP Block Replacement                                       ; On                 ; On                 ;
; Auto Shift Register Replacement                                  ; Auto               ; Auto               ;
; Allow Shift Register Merging across Hierarchies                  ; Auto               ; Auto               ;
; Auto Clock Enable Replacement                                    ; On                 ; On                 ;
; Strict RAM Replacement                                           ; Off                ; Off                ;
; Allow Synchronous Control Signals                                ; On                 ; On                 ;
; Force Use of Synchronous Clear Signals                           ; Off                ; Off                ;
; Auto RAM Block Balancing                                         ; On                 ; On                 ;
; Auto RAM to Logic Cell Conversion                                ; Off                ; Off                ;
; Auto Resource Sharing                                            ; Off                ; Off                ;
; Allow Any RAM Size For Recognition                               ; Off                ; Off                ;
; Allow Any ROM Size For Recognition                               ; Off                ; Off                ;
; Allow Any Shift Register Size For Recognition                    ; Off                ; Off                ;
; Use LogicLock Constraints during Resource Balancing              ; On                 ; On                 ;
; Ignore translate_off and synthesis_off directives                ; Off                ; Off                ;
; Timing-Driven Synthesis                                          ; On                 ; On                 ;
; Report Parameter Settings                                        ; On                 ; On                 ;
; Report Source Assignments                                        ; On                 ; On                 ;
; Report Connectivity Checks                                       ; On                 ; On                 ;
; Ignore Maximum Fan-Out Assignments                               ; Off                ; Off                ;
; Synchronization Register Chain Length                            ; 2                  ; 2                  ;
; Power Optimization During Synthesis                              ; Normal compilation ; Normal compilation ;
; HDL message level                                                ; Level2             ; Level2             ;
; Suppress Register Optimization Related Messages                  ; Off                ; Off                ;
; Number of Removed Registers Reported in Synthesis Report         ; 5000               ; 5000               ;
; Number of Swept Nodes Reported in Synthesis Report               ; 5000               ; 5000               ;
; Number of Inverted Registers Reported in Synthesis Report        ; 100                ; 100                ;
; Clock MUX Protection                                             ; On                 ; On                 ;
; Auto Gated Clock Conversion                                      ; Off                ; Off                ;
; Block Design Naming                                              ; Auto               ; Auto               ;
; SDC constraint protection                                        ; Off                ; Off                ;
; Synthesis Effort                                                 ; Auto               ; Auto               ;
; Shift Register Replacement - Allow Asynchronous Clear Signal     ; On                 ; On                 ;
; Pre-Mapping Resynthesis Optimization                             ; Off                ; Off                ;
; Analysis & Synthesis Message Level                               ; Medium             ; Medium             ;
; Disable Register Merging Across Hierarchies                      ; Auto               ; Auto               ;
; Resource Aware Inference For Block RAM                           ; On                 ; On                 ;
+------------------------------------------------------------------+--------------------+--------------------+


+------------------------------------------+
; Parallel Compilation                     ;
+----------------------------+-------------+
; Processors                 ; Number      ;
+----------------------------+-------------+
; Number detected on machine ; 4           ;
; Maximum allowed            ; 4           ;
;                            ;             ;
; Average used               ; 1.00        ;
; Maximum used               ; 4           ;
;                            ;             ;
; Usage by Processor         ; % Time Used ;
;     Processor 1            ; 100.0%      ;
;     Processor 2            ;   0.0%      ;
;     Processor 3            ;   0.0%      ;
;     Processor 4            ;   0.0%      ;
+----------------------------+-------------+


+------------------------------------------------------------------------------------------------------------------------------------------------------------------------------------------------------+
; Analysis & Synthesis Source Files Read                                                                                                                                                               ;
+-------------------------------------------------------------+-----------------+------------------------------+-----------------------------------------------------------------------------+---------+
; File Name with User-Entered Path                            ; Used in Netlist ; File Type                    ; File Name with Absolute Path                                                ; Library ;
+-------------------------------------------------------------+-----------------+------------------------------+-----------------------------------------------------------------------------+---------+
; Updated_ECE385_lab6_provided_Spring_2018/tristate.sv        ; yes             ; User SystemVerilog HDL File  ; U:/ece385/SLC-3/Updated_ECE385_lab6_provided_Spring_2018/tristate.sv        ;         ;
; Updated_ECE385_lab6_provided_Spring_2018/test_memory.sv     ; yes             ; User SystemVerilog HDL File  ; U:/ece385/SLC-3/Updated_ECE385_lab6_provided_Spring_2018/test_memory.sv     ;         ;
; Updated_ECE385_lab6_provided_Spring_2018/SLC3_2.sv          ; yes             ; User SystemVerilog HDL File  ; U:/ece385/SLC-3/Updated_ECE385_lab6_provided_Spring_2018/SLC3_2.sv          ;         ;
; Updated_ECE385_lab6_provided_Spring_2018/slc3.sv            ; yes             ; User SystemVerilog HDL File  ; U:/ece385/SLC-3/Updated_ECE385_lab6_provided_Spring_2018/slc3.sv            ;         ;
; Updated_ECE385_lab6_provided_Spring_2018/memory_contents.sv ; yes             ; User SystemVerilog HDL File  ; U:/ece385/SLC-3/Updated_ECE385_lab6_provided_Spring_2018/memory_contents.sv ;         ;
; Updated_ECE385_lab6_provided_Spring_2018/Mem2IO.sv          ; yes             ; User SystemVerilog HDL File  ; U:/ece385/SLC-3/Updated_ECE385_lab6_provided_Spring_2018/Mem2IO.sv          ;         ;
; Updated_ECE385_lab6_provided_Spring_2018/lab6_toplevel.sv   ; yes             ; User SystemVerilog HDL File  ; U:/ece385/SLC-3/Updated_ECE385_lab6_provided_Spring_2018/lab6_toplevel.sv   ;         ;
; Updated_ECE385_lab6_provided_Spring_2018/ISDU.sv            ; yes             ; User SystemVerilog HDL File  ; U:/ece385/SLC-3/Updated_ECE385_lab6_provided_Spring_2018/ISDU.sv            ;         ;
; Updated_ECE385_lab6_provided_Spring_2018/HexDriver.sv       ; yes             ; User SystemVerilog HDL File  ; U:/ece385/SLC-3/Updated_ECE385_lab6_provided_Spring_2018/HexDriver.sv       ;         ;
+-------------------------------------------------------------+-----------------+------------------------------+-----------------------------------------------------------------------------+---------+


+---------------------------------------------------------+
; Analysis & Synthesis Resource Usage Summary             ;
+---------------------------------------------+-----------+
; Resource                                    ; Usage     ;
+---------------------------------------------+-----------+
; Estimated Total logic elements              ; 829       ;
;                                             ;           ;
; Total combinational functions               ; 685       ;
; Logic element usage by number of LUT inputs ;           ;
;     -- 4 input functions                    ; 435       ;
;     -- 3 input functions                    ; 174       ;
;     -- <=2 input functions                  ; 76        ;
;                                             ;           ;
; Logic elements by mode                      ;           ;
;     -- normal mode                          ; 640       ;
;     -- arithmetic mode                      ; 45        ;
;                                             ;           ;
; Total registers                             ; 275       ;
;     -- Dedicated logic registers            ; 275       ;
;     -- I/O registers                        ; 0         ;
;                                             ;           ;
; I/O pins                                    ; 219       ;
;                                             ;           ;
; Embedded Multiplier 9-bit elements          ; 0         ;
;                                             ;           ;
; Maximum fan-out node                        ; Clk~input ;
; Maximum fan-out                             ; 275       ;
; Total fan-out                               ; 3705      ;
; Average fan-out                             ; 2.62      ;
+---------------------------------------------+-----------+


+------------------------------------------------------------------------------------------------------------------------------------------------------------------------------------------------------------------------------------------------+
; Analysis & Synthesis Resource Utilization by Entity                                                                                                                                                                                            ;
+---------------------------------+---------------------+---------------------------+-------------+--------------+---------+-----------+------+--------------+----------------------------------------------------+---------------+--------------+
; Compilation Hierarchy Node      ; Combinational ALUTs ; Dedicated Logic Registers ; Memory Bits ; DSP Elements ; DSP 9x9 ; DSP 18x18 ; Pins ; Virtual Pins ; Full Hierarchy Name                                ; Entity Name   ; Library Name ;
+---------------------------------+---------------------+---------------------------+-------------+--------------+---------+-----------+------+--------------+----------------------------------------------------+---------------+--------------+
; |lab6_toplevel                  ; 685 (0)             ; 275 (0)                   ; 0           ; 0            ; 0       ; 0         ; 219  ; 0            ; |lab6_toplevel                                     ; lab6_toplevel ; work         ;
;    |slc3:my_slc|                ; 685 (506)           ; 275 (199)                 ; 0           ; 0            ; 0       ; 0         ; 0    ; 0            ; |lab6_toplevel|slc3:my_slc                         ; slc3          ; work         ;
;       |HexDriver:hex_driver0|   ; 7 (7)               ; 0 (0)                     ; 0           ; 0            ; 0       ; 0         ; 0    ; 0            ; |lab6_toplevel|slc3:my_slc|HexDriver:hex_driver0   ; HexDriver     ; work         ;
;       |HexDriver:hex_driver1|   ; 7 (7)               ; 0 (0)                     ; 0           ; 0            ; 0       ; 0         ; 0    ; 0            ; |lab6_toplevel|slc3:my_slc|HexDriver:hex_driver1   ; HexDriver     ; work         ;
;       |HexDriver:hex_driver2|   ; 7 (7)               ; 0 (0)                     ; 0           ; 0            ; 0       ; 0         ; 0    ; 0            ; |lab6_toplevel|slc3:my_slc|HexDriver:hex_driver2   ; HexDriver     ; work         ;
;       |HexDriver:hex_driver3|   ; 7 (7)               ; 0 (0)                     ; 0           ; 0            ; 0       ; 0         ; 0    ; 0            ; |lab6_toplevel|slc3:my_slc|HexDriver:hex_driver3   ; HexDriver     ; work         ;
;       |HexDriver:hex_driver4|   ; 7 (7)               ; 0 (0)                     ; 0           ; 0            ; 0       ; 0         ; 0    ; 0            ; |lab6_toplevel|slc3:my_slc|HexDriver:hex_driver4   ; HexDriver     ; work         ;
;       |HexDriver:hex_driver5|   ; 7 (7)               ; 0 (0)                     ; 0           ; 0            ; 0       ; 0         ; 0    ; 0            ; |lab6_toplevel|slc3:my_slc|HexDriver:hex_driver5   ; HexDriver     ; work         ;
;       |HexDriver:hex_driver6|   ; 7 (7)               ; 0 (0)                     ; 0           ; 0            ; 0       ; 0         ; 0    ; 0            ; |lab6_toplevel|slc3:my_slc|HexDriver:hex_driver6   ; HexDriver     ; work         ;
;       |HexDriver:hex_driver7|   ; 7 (7)               ; 0 (0)                     ; 0           ; 0            ; 0       ; 0         ; 0    ; 0            ; |lab6_toplevel|slc3:my_slc|HexDriver:hex_driver7   ; HexDriver     ; work         ;
;       |ISDU:state_controller|   ; 101 (101)           ; 28 (28)                   ; 0           ; 0            ; 0       ; 0         ; 0    ; 0            ; |lab6_toplevel|slc3:my_slc|ISDU:state_controller   ; ISDU          ; work         ;
;       |Mem2IO:memory_subsystem| ; 22 (22)             ; 16 (16)                   ; 0           ; 0            ; 0       ; 0         ; 0    ; 0            ; |lab6_toplevel|slc3:my_slc|Mem2IO:memory_subsystem ; Mem2IO        ; work         ;
;       |tristate:tr0|            ; 0 (0)               ; 32 (32)                   ; 0           ; 0            ; 0       ; 0         ; 0    ; 0            ; |lab6_toplevel|slc3:my_slc|tristate:tr0            ; tristate      ; work         ;
+---------------------------------+---------------------+---------------------------+-------------+--------------+---------+-----------+------+--------------+----------------------------------------------------+---------------+--------------+
Note: For table entries with two numbers listed, the numbers in parentheses indicate the number of resources of the given type used by the specific entity alone. The numbers listed outside of parentheses indicate the total resources of the given type used by the specific entity and all of its sub-entities in the hierarchy.


Encoding Type:  One-Hot
+----------------------------------------------------------------------------------------------------------------------------------------------------------------------------------------------------------------------------------------------------------------------------------------------------------------------------------------------------------------------------------------------------------------------------+
; State Machine - |lab6_toplevel|slc3:my_slc|ISDU:state_controller|State                                                                                                                                                                                                                                                                                                                                                     ;
+----------------+--------------+--------------+--------------+--------------+--------------+--------------+--------------+--------------+--------------+----------------+----------------+------------+----------------+------------+------------+------------+------------+------------+------------+------------+------------+------------+------------+------------+------------+------------+------------+--------------+
; Name           ; State.S_33_3 ; State.S_33_2 ; State.S_33_1 ; State.S_25_3 ; State.S_25_2 ; State.S_25_1 ; State.S_16_3 ; State.S_16_2 ; State.S_16_1 ; State.PauseIR2 ; State.PauseIR1 ; State.S_00 ; State.S_set_cc ; State.S_35 ; State.S_32 ; State.S_27 ; State.S_23 ; State.S_22 ; State.S_21 ; State.S_18 ; State.S_12 ; State.S_09 ; State.S_07 ; State.S_06 ; State.S_05 ; State.S_04 ; State.S_01 ; State.Halted ;
+----------------+--------------+--------------+--------------+--------------+--------------+--------------+--------------+--------------+--------------+----------------+----------------+------------+----------------+------------+------------+------------+------------+------------+------------+------------+------------+------------+------------+------------+------------+------------+------------+--------------+
; State.Halted   ; 0            ; 0            ; 0            ; 0            ; 0            ; 0            ; 0            ; 0            ; 0            ; 0              ; 0              ; 0          ; 0              ; 0          ; 0          ; 0          ; 0          ; 0          ; 0          ; 0          ; 0          ; 0          ; 0          ; 0          ; 0          ; 0          ; 0          ; 0            ;
; State.S_01     ; 0            ; 0            ; 0            ; 0            ; 0            ; 0            ; 0            ; 0            ; 0            ; 0              ; 0              ; 0          ; 0              ; 0          ; 0          ; 0          ; 0          ; 0          ; 0          ; 0          ; 0          ; 0          ; 0          ; 0          ; 0          ; 0          ; 1          ; 1            ;
; State.S_04     ; 0            ; 0            ; 0            ; 0            ; 0            ; 0            ; 0            ; 0            ; 0            ; 0              ; 0              ; 0          ; 0              ; 0          ; 0          ; 0          ; 0          ; 0          ; 0          ; 0          ; 0          ; 0          ; 0          ; 0          ; 0          ; 1          ; 0          ; 1            ;
; State.S_05     ; 0            ; 0            ; 0            ; 0            ; 0            ; 0            ; 0            ; 0            ; 0            ; 0              ; 0              ; 0          ; 0              ; 0          ; 0          ; 0          ; 0          ; 0          ; 0          ; 0          ; 0          ; 0          ; 0          ; 0          ; 1          ; 0          ; 0          ; 1            ;
; State.S_06     ; 0            ; 0            ; 0            ; 0            ; 0            ; 0            ; 0            ; 0            ; 0            ; 0              ; 0              ; 0          ; 0              ; 0          ; 0          ; 0          ; 0          ; 0          ; 0          ; 0          ; 0          ; 0          ; 0          ; 1          ; 0          ; 0          ; 0          ; 1            ;
; State.S_07     ; 0            ; 0            ; 0            ; 0            ; 0            ; 0            ; 0            ; 0            ; 0            ; 0              ; 0              ; 0          ; 0              ; 0          ; 0          ; 0          ; 0          ; 0          ; 0          ; 0          ; 0          ; 0          ; 1          ; 0          ; 0          ; 0          ; 0          ; 1            ;
; State.S_09     ; 0            ; 0            ; 0            ; 0            ; 0            ; 0            ; 0            ; 0            ; 0            ; 0              ; 0              ; 0          ; 0              ; 0          ; 0          ; 0          ; 0          ; 0          ; 0          ; 0          ; 0          ; 1          ; 0          ; 0          ; 0          ; 0          ; 0          ; 1            ;
; State.S_12     ; 0            ; 0            ; 0            ; 0            ; 0            ; 0            ; 0            ; 0            ; 0            ; 0              ; 0              ; 0          ; 0              ; 0          ; 0          ; 0          ; 0          ; 0          ; 0          ; 0          ; 1          ; 0          ; 0          ; 0          ; 0          ; 0          ; 0          ; 1            ;
; State.S_18     ; 0            ; 0            ; 0            ; 0            ; 0            ; 0            ; 0            ; 0            ; 0            ; 0              ; 0              ; 0          ; 0              ; 0          ; 0          ; 0          ; 0          ; 0          ; 0          ; 1          ; 0          ; 0          ; 0          ; 0          ; 0          ; 0          ; 0          ; 1            ;
; State.S_21     ; 0            ; 0            ; 0            ; 0            ; 0            ; 0            ; 0            ; 0            ; 0            ; 0              ; 0              ; 0          ; 0              ; 0          ; 0          ; 0          ; 0          ; 0          ; 1          ; 0          ; 0          ; 0          ; 0          ; 0          ; 0          ; 0          ; 0          ; 1            ;
; State.S_22     ; 0            ; 0            ; 0            ; 0            ; 0            ; 0            ; 0            ; 0            ; 0            ; 0              ; 0              ; 0          ; 0              ; 0          ; 0          ; 0          ; 0          ; 1          ; 0          ; 0          ; 0          ; 0          ; 0          ; 0          ; 0          ; 0          ; 0          ; 1            ;
; State.S_23     ; 0            ; 0            ; 0            ; 0            ; 0            ; 0            ; 0            ; 0            ; 0            ; 0              ; 0              ; 0          ; 0              ; 0          ; 0          ; 0          ; 1          ; 0          ; 0          ; 0          ; 0          ; 0          ; 0          ; 0          ; 0          ; 0          ; 0          ; 1            ;
; State.S_27     ; 0            ; 0            ; 0            ; 0            ; 0            ; 0            ; 0            ; 0            ; 0            ; 0              ; 0              ; 0          ; 0              ; 0          ; 0          ; 1          ; 0          ; 0          ; 0          ; 0          ; 0          ; 0          ; 0          ; 0          ; 0          ; 0          ; 0          ; 1            ;
; State.S_32     ; 0            ; 0            ; 0            ; 0            ; 0            ; 0            ; 0            ; 0            ; 0            ; 0              ; 0              ; 0          ; 0              ; 0          ; 1          ; 0          ; 0          ; 0          ; 0          ; 0          ; 0          ; 0          ; 0          ; 0          ; 0          ; 0          ; 0          ; 1            ;
; State.S_35     ; 0            ; 0            ; 0            ; 0            ; 0            ; 0            ; 0            ; 0            ; 0            ; 0              ; 0              ; 0          ; 0              ; 1          ; 0          ; 0          ; 0          ; 0          ; 0          ; 0          ; 0          ; 0          ; 0          ; 0          ; 0          ; 0          ; 0          ; 1            ;
; State.S_set_cc ; 0            ; 0            ; 0            ; 0            ; 0            ; 0            ; 0            ; 0            ; 0            ; 0              ; 0              ; 0          ; 1              ; 0          ; 0          ; 0          ; 0          ; 0          ; 0          ; 0          ; 0          ; 0          ; 0          ; 0          ; 0          ; 0          ; 0          ; 1            ;
; State.S_00     ; 0            ; 0            ; 0            ; 0            ; 0            ; 0            ; 0            ; 0            ; 0            ; 0              ; 0              ; 1          ; 0              ; 0          ; 0          ; 0          ; 0          ; 0          ; 0          ; 0          ; 0          ; 0          ; 0          ; 0          ; 0          ; 0          ; 0          ; 1            ;
; State.PauseIR1 ; 0            ; 0            ; 0            ; 0            ; 0            ; 0            ; 0            ; 0            ; 0            ; 0              ; 1              ; 0          ; 0              ; 0          ; 0          ; 0          ; 0          ; 0          ; 0          ; 0          ; 0          ; 0          ; 0          ; 0          ; 0          ; 0          ; 0          ; 1            ;
; State.PauseIR2 ; 0            ; 0            ; 0            ; 0            ; 0            ; 0            ; 0            ; 0            ; 0            ; 1              ; 0              ; 0          ; 0              ; 0          ; 0          ; 0          ; 0          ; 0          ; 0          ; 0          ; 0          ; 0          ; 0          ; 0          ; 0          ; 0          ; 0          ; 1            ;
; State.S_16_1   ; 0            ; 0            ; 0            ; 0            ; 0            ; 0            ; 0            ; 0            ; 1            ; 0              ; 0              ; 0          ; 0              ; 0          ; 0          ; 0          ; 0          ; 0          ; 0          ; 0          ; 0          ; 0          ; 0          ; 0          ; 0          ; 0          ; 0          ; 1            ;
; State.S_16_2   ; 0            ; 0            ; 0            ; 0            ; 0            ; 0            ; 0            ; 1            ; 0            ; 0              ; 0              ; 0          ; 0              ; 0          ; 0          ; 0          ; 0          ; 0          ; 0          ; 0          ; 0          ; 0          ; 0          ; 0          ; 0          ; 0          ; 0          ; 1            ;
; State.S_16_3   ; 0            ; 0            ; 0            ; 0            ; 0            ; 0            ; 1            ; 0            ; 0            ; 0              ; 0              ; 0          ; 0              ; 0          ; 0          ; 0          ; 0          ; 0          ; 0          ; 0          ; 0          ; 0          ; 0          ; 0          ; 0          ; 0          ; 0          ; 1            ;
; State.S_25_1   ; 0            ; 0            ; 0            ; 0            ; 0            ; 1            ; 0            ; 0            ; 0            ; 0              ; 0              ; 0          ; 0              ; 0          ; 0          ; 0          ; 0          ; 0          ; 0          ; 0          ; 0          ; 0          ; 0          ; 0          ; 0          ; 0          ; 0          ; 1            ;
; State.S_25_2   ; 0            ; 0            ; 0            ; 0            ; 1            ; 0            ; 0            ; 0            ; 0            ; 0              ; 0              ; 0          ; 0              ; 0          ; 0          ; 0          ; 0          ; 0          ; 0          ; 0          ; 0          ; 0          ; 0          ; 0          ; 0          ; 0          ; 0          ; 1            ;
; State.S_25_3   ; 0            ; 0            ; 0            ; 1            ; 0            ; 0            ; 0            ; 0            ; 0            ; 0              ; 0              ; 0          ; 0              ; 0          ; 0          ; 0          ; 0          ; 0          ; 0          ; 0          ; 0          ; 0          ; 0          ; 0          ; 0          ; 0          ; 0          ; 1            ;
; State.S_33_1   ; 0            ; 0            ; 1            ; 0            ; 0            ; 0            ; 0            ; 0            ; 0            ; 0              ; 0              ; 0          ; 0              ; 0          ; 0          ; 0          ; 0          ; 0          ; 0          ; 0          ; 0          ; 0          ; 0          ; 0          ; 0          ; 0          ; 0          ; 1            ;
; State.S_33_2   ; 0            ; 1            ; 0            ; 0            ; 0            ; 0            ; 0            ; 0            ; 0            ; 0              ; 0              ; 0          ; 0              ; 0          ; 0          ; 0          ; 0          ; 0          ; 0          ; 0          ; 0          ; 0          ; 0          ; 0          ; 0          ; 0          ; 0          ; 1            ;
; State.S_33_3   ; 1            ; 0            ; 0            ; 0            ; 0            ; 0            ; 0            ; 0            ; 0            ; 0              ; 0              ; 0          ; 0              ; 0          ; 0          ; 0          ; 0          ; 0          ; 0          ; 0          ; 0          ; 0          ; 0          ; 0          ; 0          ; 0          ; 0          ; 1            ;
+----------------+--------------+--------------+--------------+--------------+--------------+--------------+--------------+--------------+--------------+----------------+----------------+------------+----------------+------------+------------+------------+------------+------------+------------+------------+------------+------------+------------+------------+------------+------------+------------+--------------+


+-----------------------------------------------------------------+
; Registers Removed During Synthesis                              ;
+--------------------------------------------+--------------------+
; Register name                              ; Reason for Removal ;
+--------------------------------------------+--------------------+
; slc3:my_slc|ISDU:state_controller|State~2  ; Lost fanout        ;
; slc3:my_slc|ISDU:state_controller|State~3  ; Lost fanout        ;
; slc3:my_slc|ISDU:state_controller|State~4  ; Lost fanout        ;
; slc3:my_slc|ISDU:state_controller|State~5  ; Lost fanout        ;
; slc3:my_slc|ISDU:state_controller|State~6  ; Lost fanout        ;
; slc3:my_slc|ISDU:state_controller|State~7  ; Lost fanout        ;
; slc3:my_slc|ISDU:state_controller|State~8  ; Lost fanout        ;
; slc3:my_slc|ISDU:state_controller|State~9  ; Lost fanout        ;
; slc3:my_slc|ISDU:state_controller|State~10 ; Lost fanout        ;
; slc3:my_slc|ISDU:state_controller|State~11 ; Lost fanout        ;
; slc3:my_slc|ISDU:state_controller|State~12 ; Lost fanout        ;
; Total Number of Removed Registers = 11     ;                    ;
+--------------------------------------------+--------------------+


+------------------------------------------------------+
; General Register Statistics                          ;
+----------------------------------------------+-------+
; Statistic                                    ; Value ;
+----------------------------------------------+-------+
; Total registers                              ; 275   ;
; Number of registers using Synchronous Clear  ; 32    ;
; Number of registers using Synchronous Load   ; 32    ;
; Number of registers using Asynchronous Clear ; 0     ;
; Number of registers using Asynchronous Load  ; 0     ;
; Number of registers using Clock Enable       ; 210   ;
; Number of registers using Preset             ; 0     ;
+----------------------------------------------+-------+


+------------------------------------------------------------------------------------------------------------------------------------------------------------------------------+
; Multiplexer Restructuring Statistics (Restructuring Performed)                                                                                                               ;
+--------------------+-----------+---------------+----------------------+------------------------+------------+----------------------------------------------------------------+
; Multiplexer Inputs ; Bus Width ; Baseline Area ; Area if Restructured ; Saving if Restructured ; Registered ; Example Multiplexer Output                                     ;
+--------------------+-----------+---------------+----------------------+------------------------+------------+----------------------------------------------------------------+
; 3:1                ; 16 bits   ; 32 LEs        ; 16 LEs               ; 16 LEs                 ; Yes        ; |lab6_toplevel|slc3:my_slc|Mem2IO:memory_subsystem|hex_data[4] ;
; 3:1                ; 16 bits   ; 32 LEs        ; 16 LEs               ; 16 LEs                 ; Yes        ; |lab6_toplevel|slc3:my_slc|IR[0]                               ;
; 3:1                ; 16 bits   ; 32 LEs        ; 16 LEs               ; 16 LEs                 ; Yes        ; |lab6_toplevel|slc3:my_slc|MAR[15]                             ;
; 4:1                ; 2 bits    ; 4 LEs         ; 2 LEs                ; 2 LEs                  ; Yes        ; |lab6_toplevel|slc3:my_slc|NZP[2]                              ;
; 4:1                ; 16 bits   ; 32 LEs        ; 32 LEs               ; 0 LEs                  ; Yes        ; |lab6_toplevel|slc3:my_slc|PC[0]                               ;
; 6:1                ; 16 bits   ; 64 LEs        ; 32 LEs               ; 32 LEs                 ; Yes        ; |lab6_toplevel|slc3:my_slc|MDR[12]                             ;
; 3:1                ; 3 bits    ; 6 LEs         ; 6 LEs                ; 0 LEs                  ; No         ; |lab6_toplevel|slc3:my_slc|ALU_IR_two[6]                       ;
; 8:1                ; 16 bits   ; 80 LEs        ; 80 LEs               ; 0 LEs                  ; No         ; |lab6_toplevel|slc3:my_slc|Mux1                                ;
; 9:1                ; 16 bits   ; 96 LEs        ; 96 LEs               ; 0 LEs                  ; No         ; |lab6_toplevel|slc3:my_slc|ALU_B[6]                            ;
; 6:1                ; 16 bits   ; 64 LEs        ; 64 LEs               ; 0 LEs                  ; No         ; |lab6_toplevel|slc3:my_slc|databus[0]                          ;
; 16:1               ; 16 bits   ; 160 LEs       ; 80 LEs               ; 80 LEs                 ; No         ; |lab6_toplevel|slc3:my_slc|ALU_A[0]                            ;
+--------------------+-----------+---------------+----------------------+------------------------+------------+----------------------------------------------------------------+


+-----------------------------------------------------------------------+
; Parameter Settings for User Entity Instance: slc3:my_slc|tristate:tr0 ;
+----------------+-------+----------------------------------------------+
; Parameter Name ; Value ; Type                                         ;
+----------------+-------+----------------------------------------------+
; N              ; 16    ; Signed Integer                               ;
+----------------+-------+----------------------------------------------+
Note: In order to hide this table in the UI and the text report file, please set the "Show Parameter Settings in Synthesis Report" option in "Analysis and Synthesis Settings -> More Settings" to "Off".


+-------------------------------------------------------------------------+
; Parameter Settings for User Entity Instance: test_memory:my_test_memory ;
+----------------+-------+------------------------------------------------+
; Parameter Name ; Value ; Type                                           ;
+----------------+-------+------------------------------------------------+
; size           ; 256   ; Signed Integer                                 ;
; init_external  ; 0     ; Signed Integer                                 ;
+----------------+-------+------------------------------------------------+
Note: In order to hide this table in the UI and the text report file, please set the "Show Parameter Settings in Synthesis Report" option in "Analysis and Synthesis Settings -> More Settings" to "Off".


+----------------------------------------------------------------------------------------------+
; Parameter Settings for User Entity Instance: test_memory:my_test_memory|memory_parser:parser ;
+----------------+-------+---------------------------------------------------------------------+
; Parameter Name ; Value ; Type                                                                ;
+----------------+-------+---------------------------------------------------------------------+
; size           ; 256   ; Signed Integer                                                      ;
+----------------+-------+---------------------------------------------------------------------+
Note: In order to hide this table in the UI and the text report file, please set the "Show Parameter Settings in Synthesis Report" option in "Analysis and Synthesis Settings -> More Settings" to "Off".


+-----------------------------------------------------------------+
; Port Connectivity Checks: "slc3:my_slc|Mem2IO:memory_subsystem" ;
+--------------+-------+----------+-------------------------------+
; Port         ; Type  ; Severity ; Details                       ;
+--------------+-------+----------+-------------------------------+
; ADDR[19..16] ; Input ; Info     ; Stuck at GND                  ;
+--------------+-------+----------+-------------------------------+


+-----------------------------------------------------+
; Post-Synthesis Netlist Statistics for Top Partition ;
+-----------------------+-----------------------------+
; Type                  ; Count                       ;
+-----------------------+-----------------------------+
; boundary_port         ; 219                         ;
; cycloneiii_ff         ; 275                         ;
;     ENA               ; 178                         ;
;     ENA SCLR SLD      ; 32                          ;
;     plain             ; 65                          ;
; cycloneiii_io_obuf    ; 16                          ;
; cycloneiii_lcell_comb ; 699                         ;
;     arith             ; 45                          ;
;         2 data inputs ; 15                          ;
;         3 data inputs ; 30                          ;
;     normal            ; 654                         ;
;         0 data inputs ; 1                           ;
;         1 data inputs ; 17                          ;
;         2 data inputs ; 57                          ;
;         3 data inputs ; 144                         ;
;         4 data inputs ; 435                         ;
;                       ;                             ;
; Max LUT depth         ; 11.70                       ;
; Average LUT depth     ; 6.70                        ;
+-----------------------+-----------------------------+


+-------------------------------+
; Elapsed Time Per Partition    ;
+----------------+--------------+
; Partition Name ; Elapsed Time ;
+----------------+--------------+
; Top            ; 00:00:01     ;
+----------------+--------------+


+-------------------------------+
; Analysis & Synthesis Messages ;
+-------------------------------+
Info: *******************************************************************
Info: Running Quartus Prime Analysis & Synthesis
    Info: Version 18.0.0 Build 614 04/24/2018 SJ Lite Edition
    Info: Processing started: Fri Oct 11 11:21:10 2019
Info: Command: quartus_map --read_settings_files=on --write_settings_files=off lab_6 -c lab_6
Warning (18236): Number of processors has not been specified which may cause overloading on shared machines.  Set the global assignment NUM_PARALLEL_PROCESSORS in your QSF to an appropriate value for best performance.
Info (20030): Parallel compilation is enabled and will use 4 of the 4 processors detected
Info (12021): Found 1 design units, including 1 entities, in source file updated_ece385_lab6_provided_spring_2018/tristate.sv
    Info (12023): Found entity 1: tristate File: U:/ece385/SLC-3/Updated_ECE385_lab6_provided_Spring_2018/tristate.sv Line: 16
Info (12021): Found 1 design units, including 1 entities, in source file updated_ece385_lab6_provided_spring_2018/testbench.sv
    Info (12023): Found entity 1: testbench File: U:/ece385/SLC-3/Updated_ECE385_lab6_provided_Spring_2018/testbench.sv Line: 1
Info (12021): Found 1 design units, including 1 entities, in source file updated_ece385_lab6_provided_spring_2018/test_memory.sv
    Info (12023): Found entity 1: test_memory File: U:/ece385/SLC-3/Updated_ECE385_lab6_provided_Spring_2018/test_memory.sv Line: 22
Info (12021): Found 1 design units, including 0 entities, in source file updated_ece385_lab6_provided_spring_2018/slc3_2.sv
    Info (12022): Found design unit 1: SLC3_2 (SystemVerilog) File: U:/ece385/SLC-3/Updated_ECE385_lab6_provided_Spring_2018/SLC3_2.sv Line: 24
Info (12021): Found 1 design units, including 1 entities, in source file updated_ece385_lab6_provided_spring_2018/slc3.sv
    Info (12023): Found entity 1: slc3 File: U:/ece385/SLC-3/Updated_ECE385_lab6_provided_Spring_2018/slc3.sv Line: 19
Info (12021): Found 0 design units, including 0 entities, in source file updated_ece385_lab6_provided_spring_2018/register.sv
Info (12021): Found 1 design units, including 1 entities, in source file updated_ece385_lab6_provided_spring_2018/memory_contents.sv
    Info (12023): Found entity 1: memory_parser File: U:/ece385/SLC-3/Updated_ECE385_lab6_provided_Spring_2018/memory_contents.sv Line: 16
Info (12021): Found 1 design units, including 1 entities, in source file updated_ece385_lab6_provided_spring_2018/mem2io.sv
    Info (12023): Found entity 1: Mem2IO File: U:/ece385/SLC-3/Updated_ECE385_lab6_provided_Spring_2018/Mem2IO.sv Line: 16
Info (12021): Found 1 design units, including 1 entities, in source file updated_ece385_lab6_provided_spring_2018/lab6_toplevel.sv
    Info (12023): Found entity 1: lab6_toplevel File: U:/ece385/SLC-3/Updated_ECE385_lab6_provided_Spring_2018/lab6_toplevel.sv Line: 10
Info (12021): Found 1 design units, including 1 entities, in source file updated_ece385_lab6_provided_spring_2018/isdu.sv
    Info (12023): Found entity 1: ISDU File: U:/ece385/SLC-3/Updated_ECE385_lab6_provided_Spring_2018/ISDU.sv Line: 19
Info (12021): Found 1 design units, including 1 entities, in source file updated_ece385_lab6_provided_spring_2018/hexdriver.sv
    Info (12023): Found entity 1: HexDriver File: U:/ece385/SLC-3/Updated_ECE385_lab6_provided_Spring_2018/HexDriver.sv Line: 1
Info (12021): Found 0 design units, including 0 entities, in source file updated_ece385_lab6_provided_spring_2018/datapath.sv
Info (12127): Elaborating entity "lab6_toplevel" for the top level hierarchy
Info (12128): Elaborating entity "slc3" for hierarchy "slc3:my_slc" File: U:/ece385/SLC-3/Updated_ECE385_lab6_provided_Spring_2018/lab6_toplevel.sv Line: 21
Info (12128): Elaborating entity "HexDriver" for hierarchy "slc3:my_slc|HexDriver:hex_driver3" File: U:/ece385/SLC-3/Updated_ECE385_lab6_provided_Spring_2018/slc3.sv Line: 76
Info (12128): Elaborating entity "Mem2IO" for hierarchy "slc3:my_slc|Mem2IO:memory_subsystem" File: U:/ece385/SLC-3/Updated_ECE385_lab6_provided_Spring_2018/slc3.sv Line: 310
Info (12128): Elaborating entity "tristate" for hierarchy "slc3:my_slc|tristate:tr0" File: U:/ece385/SLC-3/Updated_ECE385_lab6_provided_Spring_2018/slc3.sv Line: 315
Info (12128): Elaborating entity "ISDU" for hierarchy "slc3:my_slc|ISDU:state_controller" File: U:/ece385/SLC-3/Updated_ECE385_lab6_provided_Spring_2018/slc3.sv Line: 322
Info (12128): Elaborating entity "test_memory" for hierarchy "test_memory:my_test_memory" File: U:/ece385/SLC-3/Updated_ECE385_lab6_provided_Spring_2018/lab6_toplevel.sv Line: 25
Warning (10036): Verilog HDL or VHDL warning at test_memory.sv(42): object "actual_address" assigned a value but never read File: U:/ece385/SLC-3/Updated_ECE385_lab6_provided_Spring_2018/test_memory.sv Line: 42
Info (12128): Elaborating entity "memory_parser" for hierarchy "test_memory:my_test_memory|memory_parser:parser" File: U:/ece385/SLC-3/Updated_ECE385_lab6_provided_Spring_2018/test_memory.sv Line: 48
Warning (13024): Output pins are stuck at VCC or GND
    Warning (13410): Pin "CE" is stuck at GND File: U:/ece385/SLC-3/Updated_ECE385_lab6_provided_Spring_2018/lab6_toplevel.sv Line: 14
    Warning (13410): Pin "UB" is stuck at GND File: U:/ece385/SLC-3/Updated_ECE385_lab6_provided_Spring_2018/lab6_toplevel.sv Line: 14
    Warning (13410): Pin "LB" is stuck at GND File: U:/ece385/SLC-3/Updated_ECE385_lab6_provided_Spring_2018/lab6_toplevel.sv Line: 14
    Warning (13410): Pin "ADDR[16]" is stuck at GND File: U:/ece385/SLC-3/Updated_ECE385_lab6_provided_Spring_2018/lab6_toplevel.sv Line: 15
    Warning (13410): Pin "ADDR[17]" is stuck at GND File: U:/ece385/SLC-3/Updated_ECE385_lab6_provided_Spring_2018/lab6_toplevel.sv Line: 15
    Warning (13410): Pin "ADDR[18]" is stuck at GND File: U:/ece385/SLC-3/Updated_ECE385_lab6_provided_Spring_2018/lab6_toplevel.sv Line: 15
    Warning (13410): Pin "ADDR[19]" is stuck at GND File: U:/ece385/SLC-3/Updated_ECE385_lab6_provided_Spring_2018/lab6_toplevel.sv Line: 15
    Warning (13410): Pin "state_show[9]" is stuck at GND File: U:/ece385/SLC-3/Updated_ECE385_lab6_provided_Spring_2018/lab6_toplevel.sv Line: 18
    Warning (13410): Pin "state_show[10]" is stuck at GND File: U:/ece385/SLC-3/Updated_ECE385_lab6_provided_Spring_2018/lab6_toplevel.sv Line: 18
    Warning (13410): Pin "next_state_show[9]" is stuck at GND File: U:/ece385/SLC-3/Updated_ECE385_lab6_provided_Spring_2018/lab6_toplevel.sv Line: 18
    Warning (13410): Pin "next_state_show[10]" is stuck at GND File: U:/ece385/SLC-3/Updated_ECE385_lab6_provided_Spring_2018/lab6_toplevel.sv Line: 18
Info (286030): Timing-Driven Synthesis is running
Info (17049): 11 registers lost all their fanouts during netlist optimizations.
Info (16010): Generating hard_block partition "hard_block:auto_generated_inst"
    Info (16011): Adding 0 node(s), including 0 DDIO, 0 PLL, 0 transceiver and 0 LCELL
Info (21057): Implemented 1081 device resources after synthesis - the final resource count might be different
    Info (21058): Implemented 20 input pins
    Info (21059): Implemented 183 output pins
    Info (21060): Implemented 16 bidirectional pins
    Info (21061): Implemented 862 logic cells
Info: Quartus Prime Analysis & Synthesis was successful. 0 errors, 14 warnings
    Info: Peak virtual memory: 4799 megabytes
    Info: Processing ended: Fri Oct 11 11:21:27 2019
    Info: Elapsed time: 00:00:17
    Info: Total CPU time (on all processors): 00:00:22


